<?xml version="1.0" encoding="UTF-8"?>
<testsuite name="org.smmo.test.ConnectionTest" tests="2" skipped="0" failures="0" errors="0" timestamp="2018-03-17T19:09:03" hostname="Detox.local" time="0.001">
  <properties/>
  <testcase name="testHashCode" classname="org.smmo.test.ConnectionTest" time="0.001"/>
  <testcase name="testEquals" classname="org.smmo.test.ConnectionTest" time="0.0"/>
  <system-out><![CDATA[]]></system-out>
  <system-err><![CDATA[]]></system-err>
</testsuite>
