<?xml version="1.0" encoding="UTF-8"?>
<testsuite name="org.smmo.test.WriterTest" tests="2" skipped="0" failures="0" errors="0" timestamp="2018-03-17T14:44:48" hostname="Detox.local" time="0.062">
  <properties/>
  <testcase name="testWrite" classname="org.smmo.test.WriterTest" time="0.039"/>
  <testcase name="testWriteToSubContext" classname="org.smmo.test.WriterTest" time="0.023"/>
  <system-out><![CDATA[]]></system-out>
  <system-err><![CDATA[]]></system-err>
</testsuite>
