<?xml version="1.0" encoding="UTF-8"?>
<testsuite name="org.smmo.test.ContextTest" tests="4" skipped="0" failures="0" errors="0" timestamp="2018-03-11T21:59:47" hostname="Detox.local" time="0.008">
  <properties/>
  <testcase name="testCacheValidWithEntity" classname="org.smmo.test.ContextTest" time="0.002"/>
  <testcase name="testCacheValidWithoutEntity" classname="org.smmo.test.ContextTest" time="0.001"/>
  <testcase name="testCacheValidWithEntityInWrongPosition" classname="org.smmo.test.ContextTest" time="0.002"/>
  <testcase name="testCacheValidWithWrongEntity" classname="org.smmo.test.ContextTest" time="0.002"/>
  <system-out><![CDATA[]]></system-out>
  <system-err><![CDATA[]]></system-err>
</testsuite>
