<?xml version="1.0" encoding="UTF-8"?>
<testsuite name="simple_mmo.ConnectionTest" tests="2" skipped="0" failures="0" errors="0" timestamp="2018-02-26T20:56:46" hostname="Detox.local" time="0.0">
  <properties/>
  <testcase name="testHashCode" classname="simple_mmo.ConnectionTest" time="0.0"/>
  <testcase name="testEquals" classname="simple_mmo.ConnectionTest" time="0.0"/>
  <system-out><![CDATA[]]></system-out>
  <system-err><![CDATA[]]></system-err>
</testsuite>
