<?xml version="1.0" encoding="UTF-8"?>
<testsuite name="simple_mmo.ConnectionManagerTest" tests="5" skipped="0" failures="0" errors="0" timestamp="2018-02-26T20:56:46" hostname="Detox.local" time="0.007">
  <properties/>
  <testcase name="testBufferCopied" classname="simple_mmo.ConnectionManagerTest" time="0.003"/>
  <testcase name="testProcessBuffers" classname="simple_mmo.ConnectionManagerTest" time="0.0"/>
  <testcase name="testBufferReadOnly" classname="simple_mmo.ConnectionManagerTest" time="0.001"/>
  <testcase name="testTrackConnection" classname="simple_mmo.ConnectionManagerTest" time="0.0"/>
  <testcase name="testUntrackConnection" classname="simple_mmo.ConnectionManagerTest" time="0.0"/>
  <system-out><![CDATA[]]></system-out>
  <system-err><![CDATA[]]></system-err>
</testsuite>
