<?xml version="1.0" encoding="UTF-8"?>
<testsuite name="org.smmo.test.ContextTest" tests="9" skipped="0" failures="0" errors="0" timestamp="2018-03-15T22:29:33" hostname="Detox.local" time="0.153">
  <properties/>
  <testcase name="testCacheValidWithEntity" classname="org.smmo.test.ContextTest" time="0.002"/>
  <testcase name="testOriginIsNull" classname="org.smmo.test.ContextTest" time="0.003"/>
  <testcase name="testPerspectiveHasFewerEntities" classname="org.smmo.test.ContextTest" time="0.014"/>
  <testcase name="testPerspectiveHasEntityInCenter" classname="org.smmo.test.ContextTest" time="0.085"/>
  <testcase name="testCacheValidWithoutEntity" classname="org.smmo.test.ContextTest" time="0.002"/>
  <testcase name="testCacheValidWithEntityInWrongPosition" classname="org.smmo.test.ContextTest" time="0.002"/>
  <testcase name="testCacheValidWithWrongEntity" classname="org.smmo.test.ContextTest" time="0.003"/>
  <testcase name="testPerspectiveHasCameraBounds" classname="org.smmo.test.ContextTest" time="0.024"/>
  <testcase name="testPerspectiveHasCorrectOrigin" classname="org.smmo.test.ContextTest" time="0.006"/>
  <system-out><![CDATA[]]></system-out>
  <system-err><![CDATA[]]></system-err>
</testsuite>
