<?xml version="1.0" encoding="UTF-8"?>
<testsuite name="org.smmo.test.IntegrationTests" tests="1" skipped="0" failures="0" errors="0" timestamp="2018-03-15T18:45:19" hostname="Detox.local" time="0.0">
  <properties/>
  <testcase name="testWriteActionPacketAndUpdateMap" classname="org.smmo.test.IntegrationTests" time="0.0"/>
  <system-out><![CDATA[]]></system-out>
  <system-err><![CDATA[]]></system-err>
</testsuite>
