<?xml version="1.0" encoding="UTF-8"?>
<testsuite name="org.smmo.test.ReaderTest" tests="1" skipped="0" failures="0" errors="0" timestamp="2018-03-15T22:29:32" hostname="Detox.local" time="0.002">
  <properties/>
  <testcase name="testRead" classname="org.smmo.test.ReaderTest" time="0.002"/>
  <system-out><![CDATA[]]></system-out>
  <system-err><![CDATA[]]></system-err>
</testsuite>
