<?xml version="1.0" encoding="UTF-8"?>
<testsuite name="org.smmo.test.WriterTest" tests="2" skipped="0" failures="0" errors="0" timestamp="2018-03-17T19:09:03" hostname="Detox.local" time="0.086">
  <properties/>
  <testcase name="testWrite" classname="org.smmo.test.WriterTest" time="0.053"/>
  <testcase name="testWriteToSubContext" classname="org.smmo.test.WriterTest" time="0.033"/>
  <system-out><![CDATA[]]></system-out>
  <system-err><![CDATA[]]></system-err>
</testsuite>
