<?xml version="1.0" encoding="UTF-8"?>
<testsuite name="org.smmo.test.PacketOutputStreamTest" tests="2" skipped="0" failures="0" errors="0" timestamp="2018-03-15T22:29:33" hostname="Detox.local" time="0.0">
  <properties/>
  <testcase name="writeU32" classname="org.smmo.test.PacketOutputStreamTest" time="0.0"/>
  <testcase name="writeByte" classname="org.smmo.test.PacketOutputStreamTest" time="0.0"/>
  <system-out><![CDATA[]]></system-out>
  <system-err><![CDATA[]]></system-err>
</testsuite>
