<?xml version="1.0" encoding="UTF-8"?>
<testsuite name="org.smmo.test.EntityTest" tests="4" skipped="0" failures="0" errors="0" timestamp="2018-03-11T21:59:47" hostname="Detox.local" time="0.004">
  <properties/>
  <testcase name="testEqualsFalse" classname="org.smmo.test.EntityTest" time="0.0"/>
  <testcase name="hashCodeNotEqual" classname="org.smmo.test.EntityTest" time="0.001"/>
  <testcase name="testEqualsTrue" classname="org.smmo.test.EntityTest" time="0.001"/>
  <testcase name="hashCodeEqual" classname="org.smmo.test.EntityTest" time="0.0"/>
  <system-out><![CDATA[]]></system-out>
  <system-err><![CDATA[]]></system-err>
</testsuite>
