<?xml version="1.0" encoding="UTF-8"?>
<testsuite name="org.smmo.test.ActionTest" tests="2" skipped="0" failures="0" errors="0" timestamp="2018-03-13T23:27:54" hostname="Detox.local" time="0.067">
  <properties/>
  <testcase name="testMoveEntityReturnsValidContext" classname="org.smmo.test.ActionTest" time="0.061"/>
  <testcase name="testMoveEntityPositionChanged" classname="org.smmo.test.ActionTest" time="0.005"/>
  <system-out><![CDATA[success
success
]]></system-out>
  <system-err><![CDATA[]]></system-err>
</testsuite>
