<?xml version="1.0" encoding="UTF-8"?>
<testsuite name="simple_mmo.WorldMapTest" tests="13" skipped="0" failures="0" errors="0" timestamp="2018-02-26T20:56:46" hostname="Detox.local" time="0.06">
  <properties/>
  <testcase name="testShiftLeftUp" classname="simple_mmo.WorldMapTest" time="0.01"/>
  <testcase name="testClone" classname="simple_mmo.WorldMapTest" time="0.0"/>
  <testcase name="testPlaceEntity" classname="simple_mmo.WorldMapTest" time="0.0"/>
  <testcase name="testDimensions" classname="simple_mmo.WorldMapTest" time="0.004"/>
  <testcase name="testRemoveEntity" classname="simple_mmo.WorldMapTest" time="0.0"/>
  <testcase name="testSerializeEntity" classname="simple_mmo.WorldMapTest" time="0.004"/>
  <testcase name="testDeserializeEntity" classname="simple_mmo.WorldMapTest" time="0.001"/>
  <testcase name="testSerializeWorldMap" classname="simple_mmo.WorldMapTest" time="0.017"/>
  <testcase name="testGetSubmapBottomRow" classname="simple_mmo.WorldMapTest" time="0.0"/>
  <testcase name="testDeserializeWorldMap" classname="simple_mmo.WorldMapTest" time="0.019"/>
  <testcase name="testGetSubmapEntityOrder" classname="simple_mmo.WorldMapTest" time="0.0"/>
  <testcase name="testShiftLeft" classname="simple_mmo.WorldMapTest" time="0.0"/>
  <testcase name="testMoveEntity" classname="simple_mmo.WorldMapTest" time="0.0"/>
  <system-out><![CDATA[]]></system-out>
  <system-err><![CDATA[]]></system-err>
</testsuite>
