<?xml version="1.0" encoding="UTF-8"?>
<testsuite name="org.smmo.test.VecTest" tests="3" skipped="0" failures="0" errors="0" timestamp="2018-03-15T22:29:32" hostname="Detox.local" time="0.002">
  <properties/>
  <testcase name="subtract" classname="org.smmo.test.VecTest" time="0.001"/>
  <testcase name="dot" classname="org.smmo.test.VecTest" time="0.001"/>
  <testcase name="norm" classname="org.smmo.test.VecTest" time="0.0"/>
  <system-out><![CDATA[]]></system-out>
  <system-err><![CDATA[]]></system-err>
</testsuite>
