<?xml version="1.0" encoding="UTF-8"?>
<testsuite name="simple_mmo.WorldMapTest" tests="16" skipped="0" failures="0" errors="0" timestamp="2018-03-07T23:21:30" hostname="Detox.local" time="0.07">
  <properties/>
  <testcase name="testAppendRow" classname="simple_mmo.WorldMapTest" time="0.01"/>
  <testcase name="testShiftLeftUp" classname="simple_mmo.WorldMapTest" time="0.001"/>
  <testcase name="testClone" classname="simple_mmo.WorldMapTest" time="0.0"/>
  <testcase name="testPlaceEntity" classname="simple_mmo.WorldMapTest" time="0.0"/>
  <testcase name="testDimensions" classname="simple_mmo.WorldMapTest" time="0.008"/>
  <testcase name="testRemoveEntity" classname="simple_mmo.WorldMapTest" time="0.0"/>
  <testcase name="testSerializeEntity" classname="simple_mmo.WorldMapTest" time="0.004"/>
  <testcase name="testDeserializeEntity" classname="simple_mmo.WorldMapTest" time="0.0"/>
  <testcase name="testSerializeWorldMap" classname="simple_mmo.WorldMapTest" time="0.022"/>
  <testcase name="testGetSubmapBottomRow" classname="simple_mmo.WorldMapTest" time="0.0"/>
  <testcase name="testDeserializeWorldMap" classname="simple_mmo.WorldMapTest" time="0.017"/>
  <testcase name="testGetSubmapEntityOrder" classname="simple_mmo.WorldMapTest" time="0.0"/>
  <testcase name="testShiftLeft" classname="simple_mmo.WorldMapTest" time="0.0"/>
  <testcase name="testMoveEntity" classname="simple_mmo.WorldMapTest" time="0.0"/>
  <testcase name="testAppendLayer" classname="simple_mmo.WorldMapTest" time="0.0"/>
  <testcase name="testAppendColumn" classname="simple_mmo.WorldMapTest" time="0.001"/>
  <system-out><![CDATA[]]></system-out>
  <system-err><![CDATA[]]></system-err>
</testsuite>
