<?xml version="1.0" encoding="UTF-8"?>
<testsuite name="org.smmo.test.WriterTest" tests="1" skipped="0" failures="0" errors="0" timestamp="2018-03-15T22:29:32" hostname="Detox.local" time="0.032">
  <properties/>
  <testcase name="testWrite" classname="org.smmo.test.WriterTest" time="0.032"/>
  <system-out><![CDATA[]]></system-out>
  <system-err><![CDATA[]]></system-err>
</testsuite>
