<?xml version="1.0" encoding="UTF-8"?>
<testsuite name="org.smmo.test.ActionTest" tests="2" skipped="0" failures="0" errors="0" timestamp="2018-03-15T22:29:32" hostname="Detox.local" time="0.029">
  <properties/>
  <testcase name="testMoveEntityReturnsValidContext" classname="org.smmo.test.ActionTest" time="0.023"/>
  <testcase name="testMoveEntityPositionChanged" classname="org.smmo.test.ActionTest" time="0.006"/>
  <system-out><![CDATA[]]></system-out>
  <system-err><![CDATA[]]></system-err>
</testsuite>
