<?xml version="1.0" encoding="UTF-8"?>
<testsuite name="org.smmo.test.Vec4Test" tests="3" skipped="0" failures="0" errors="0" timestamp="2018-03-13T23:27:55" hostname="Detox.local" time="0.001">
  <properties/>
  <testcase name="subtract" classname="org.smmo.test.Vec4Test" time="0.0"/>
  <testcase name="dot" classname="org.smmo.test.Vec4Test" time="0.0"/>
  <testcase name="norm" classname="org.smmo.test.Vec4Test" time="0.0"/>
  <system-out><![CDATA[]]></system-out>
  <system-err><![CDATA[]]></system-err>
</testsuite>
